Connecting to Redis...
Connecting to MongoDB at mongodb+srv://shamuthabadhusha:Shazia28@cluster0.sti2uio.mongodb.net/shamuthaEdTech (attempt 1)...
✅ MongoDB connected successfully.
🚀 Shamutha Server running on http://0.0.0.0:5001
[flash proxy] forwarding request to upstream {
  upstream: 'https://extension.flash.co/api/extension/pdp-detector',
  timeoutMs: 8000,
  bodySize: 15,
  hasSignature: false
}
[flash proxy] upstream responded with error {
  status: 403,
  statusText: 'Forbidden',
  body: '{"error":"Missing signature or timestamp"}'
}
Socket connected: dBsjm_npHoyINpNSAAAB
Socket connected: Jp9jmLsBaP-lmovKAAAD
Socket connected: 2L4O9K1WW6S9CqecAAAF
Socket connected: gi-IMRm_ysES4nW7AAAH
Socket connected: bDgNy853Nw0_QF4hAAAJ
Socket connected: aRvp7FjLUVpBUpSkAAAL
Socket connected: RWiasxUC6An9V10cAAAO
Socket disconnected: RWiasxUC6An9V10cAAAO
Socket connected: sTSgEWFzw_UON7UKAAAR
Socket disconnected: sTSgEWFzw_UON7UKAAAR
Socket connected: nRDhryn3UeXAx82sAAAU
Socket disconnected: nRDhryn3UeXAx82sAAAU
Socket connected: onH0ZWHWwJ70a7U1AAAX
Socket disconnected: onH0ZWHWwJ70a7U1AAAX
Socket connected: GmAKg4tPYtDJAz2PAAAa
Socket disconnected: GmAKg4tPYtDJAz2PAAAa
Socket connected: LgV__u4SQONZcYm7AAAd
[flash proxy] forwarding request to upstream {
  upstream: 'https://extension.flash.co/api/extension/pdp-detector',
  timeoutMs: 8000,
  bodySize: 15,
  hasSignature: false
}
[flash proxy] upstream responded with error {
  status: 403,
  statusText: 'Forbidden',
  body: '{"error":"Missing signature or timestamp"}'
}
